[debug] [2024-03-13T14:19:38.597Z] ----------------------------------------------------------------------
[debug] [2024-03-13T14:19:38.604Z] Command:       C:\Program Files\nodejs\node.exe C:\Users\DSID-UNAIR\AppData\Roaming\npm\node_modules\firebase-tools\lib\bin\firebase.js deploy
[debug] [2024-03-13T14:19:38.605Z] CLI Version:   13.4.1
[debug] [2024-03-13T14:19:38.605Z] Platform:      win32
[debug] [2024-03-13T14:19:38.606Z] Node Version:  v20.11.1
[debug] [2024-03-13T14:19:38.606Z] Time:          Wed Mar 13 2024 21:19:38 GMT+0700 (Indochina Time)
[debug] [2024-03-13T14:19:38.606Z] ----------------------------------------------------------------------
[debug] 
[debug] [2024-03-13T14:19:38.768Z] > command requires scopes: ["email","openid","https://www.googleapis.com/auth/cloudplatformprojects.readonly","https://www.googleapis.com/auth/firebase","https://www.googleapis.com/auth/cloud-platform"]
[debug] [2024-03-13T14:19:38.769Z] > authorizing via signed-in user (iairel404@gmail.com)
[debug] [2024-03-13T14:19:38.770Z] [iam] checking project panelsurya-edafc for permissions ["datastore.indexes.create","datastore.indexes.delete","datastore.indexes.list","datastore.indexes.update","firebase.projects.get","firebasedatabase.instances.update","firebasehosting.sites.update"]
[debug] [2024-03-13T14:19:38.772Z] > refreshing access token with scopes: []
[debug] [2024-03-13T14:19:38.776Z] >>> [apiv2][query] POST https://www.googleapis.com/oauth2/v3/token [none]
[debug] [2024-03-13T14:19:38.777Z] >>> [apiv2][body] POST https://www.googleapis.com/oauth2/v3/token [omitted]
[debug] [2024-03-13T14:19:43.661Z] <<< [apiv2][status] POST https://www.googleapis.com/oauth2/v3/token 200
[debug] [2024-03-13T14:19:43.662Z] <<< [apiv2][body] POST https://www.googleapis.com/oauth2/v3/token [omitted]
[debug] [2024-03-13T14:19:43.675Z] >>> [apiv2][query] POST https://cloudresourcemanager.googleapis.com/v1/projects/panelsurya-edafc:testIamPermissions [none]
[debug] [2024-03-13T14:19:43.675Z] >>> [apiv2][(partial)header] POST https://cloudresourcemanager.googleapis.com/v1/projects/panelsurya-edafc:testIamPermissions x-goog-quota-user=projects/panelsurya-edafc
[debug] [2024-03-13T14:19:43.676Z] >>> [apiv2][body] POST https://cloudresourcemanager.googleapis.com/v1/projects/panelsurya-edafc:testIamPermissions {"permissions":["datastore.indexes.create","datastore.indexes.delete","datastore.indexes.list","datastore.indexes.update","firebase.projects.get","firebasedatabase.instances.update","firebasehosting.sites.update"]}
[debug] [2024-03-13T14:19:45.758Z] <<< [apiv2][status] POST https://cloudresourcemanager.googleapis.com/v1/projects/panelsurya-edafc:testIamPermissions 200
[debug] [2024-03-13T14:19:45.759Z] <<< [apiv2][body] POST https://cloudresourcemanager.googleapis.com/v1/projects/panelsurya-edafc:testIamPermissions {"permissions":["datastore.indexes.create","datastore.indexes.delete","datastore.indexes.list","datastore.indexes.update","firebase.projects.get","firebasedatabase.instances.update","firebasehosting.sites.update"]}
[debug] [2024-03-13T14:19:45.762Z] >>> [apiv2][query] GET https://firebase.googleapis.com/v1beta1/projects/panelsurya-edafc [none]
[debug] [2024-03-13T14:19:47.028Z] <<< [apiv2][status] GET https://firebase.googleapis.com/v1beta1/projects/panelsurya-edafc 200
[debug] [2024-03-13T14:19:47.029Z] <<< [apiv2][body] GET https://firebase.googleapis.com/v1beta1/projects/panelsurya-edafc {"projectId":"panelsurya-edafc","projectNumber":"764730679010","displayName":"PanelSurya","name":"projects/panelsurya-edafc","resources":{"hostingSite":"panelsurya-edafc","realtimeDatabaseInstance":"panelsurya-edafc-default-rtdb"},"state":"ACTIVE","etag":"1_2742e0ea-3f2e-4119-a246-74fad45a8c69"}
[debug] [2024-03-13T14:19:47.030Z] >>> [apiv2][query] GET https://firebase.googleapis.com/v1beta1/projects/panelsurya-edafc [none]
[debug] [2024-03-13T14:19:47.617Z] <<< [apiv2][status] GET https://firebase.googleapis.com/v1beta1/projects/panelsurya-edafc 200
[debug] [2024-03-13T14:19:47.618Z] <<< [apiv2][body] GET https://firebase.googleapis.com/v1beta1/projects/panelsurya-edafc {"projectId":"panelsurya-edafc","projectNumber":"764730679010","displayName":"PanelSurya","name":"projects/panelsurya-edafc","resources":{"hostingSite":"panelsurya-edafc","realtimeDatabaseInstance":"panelsurya-edafc-default-rtdb"},"state":"ACTIVE","etag":"1_2742e0ea-3f2e-4119-a246-74fad45a8c69"}
[debug] [2024-03-13T14:19:52.794Z] >>> [apiv2][query] GET https://firebasehosting.googleapis.com/v1beta1/projects/panelsurya-edafc/sites pageToken=&pageSize=10
[debug] [2024-03-13T14:19:54.779Z] <<< [apiv2][status] GET https://firebasehosting.googleapis.com/v1beta1/projects/panelsurya-edafc/sites 200
[debug] [2024-03-13T14:19:54.779Z] <<< [apiv2][body] GET https://firebasehosting.googleapis.com/v1beta1/projects/panelsurya-edafc/sites {"sites":[{"name":"projects/panelsurya-edafc/sites/panelsurya-edafc","defaultUrl":"https://panelsurya-edafc.web.app","appId":"1:764730679010:web:14d2371c364a94630408bb","type":"DEFAULT_SITE"}]}
[debug] [2024-03-13T14:19:54.780Z] >>> [apiv2][query] GET https://firebase.googleapis.com/v1beta1/projects/-/webApps/1:764730679010:web:14d2371c364a94630408bb/config [none]
[debug] [2024-03-13T14:19:57.590Z] <<< [apiv2][status] GET https://firebase.googleapis.com/v1beta1/projects/-/webApps/1:764730679010:web:14d2371c364a94630408bb/config 200
[debug] [2024-03-13T14:19:57.590Z] <<< [apiv2][body] GET https://firebase.googleapis.com/v1beta1/projects/-/webApps/1:764730679010:web:14d2371c364a94630408bb/config {"projectId":"panelsurya-edafc","appId":"1:764730679010:web:14d2371c364a94630408bb","databaseURL":"https://panelsurya-edafc-default-rtdb.asia-southeast1.firebasedatabase.app","storageBucket":"panelsurya-edafc.appspot.com","apiKey":"AIzaSyCcmyjVxC8E2Lbl1FvMs0_mCkcJ_x5x87k","authDomain":"panelsurya-edafc.firebaseapp.com","messagingSenderId":"764730679010","measurementId":"G-NDFYZRRRZT"}
[info] 
   Thank you for trying our early preview of Next.js support on Firebase Hosting.
   During the preview, support is best-effort and breaking changes can be expected. Proceed with caution.
   The integration is known to work with Next.js version 12 - 14.0. You may encounter errors.

   Documentation: https://firebase.google.com/docs/hosting/frameworks/nextjs
   File a bug: https://github.com/firebase/firebase-tools/issues/new?template=bug_report.md
   Submit a feature request: https://github.com/firebase/firebase-tools/issues/new?template=feature_request.md

   We'd love to learn from you. Express your interest in helping us shape the future of Firebase Hosting: https://goo.gle/41enW5X

[debug] [2024-03-13T14:20:12.915Z] >>> [apiv2][query] GET https://firebasehosting.googleapis.com/v1beta1/projects/panelsurya-edafc/sites/panelsurya-edafc [none]
[debug] [2024-03-13T14:20:14.630Z] <<< [apiv2][status] GET https://firebasehosting.googleapis.com/v1beta1/projects/panelsurya-edafc/sites/panelsurya-edafc 200
[debug] [2024-03-13T14:20:14.630Z] <<< [apiv2][body] GET https://firebasehosting.googleapis.com/v1beta1/projects/panelsurya-edafc/sites/panelsurya-edafc {"name":"projects/panelsurya-edafc/sites/panelsurya-edafc","defaultUrl":"https://panelsurya-edafc.web.app","appId":"1:764730679010:web:14d2371c364a94630408bb","type":"DEFAULT_SITE"}
[info]    ▲ Next.js 14.1.0

[info]    - Environments: .env


[info]    Creating an optimized production build ...

[info] request to https://fonts.gstatic.com/s/inter/v13/UcC73FwrK3iLTeHuS_fvQtMwCp50KnMa25L7W0Q5n-wU.woff2 failed, reason: socket hang up

Retrying 1/3...

[info] request to https://fonts.gstatic.com/s/inter/v13/UcC73FwrK3iLTeHuS_fvQtMwCp50KnMa2pL7W0Q5n-wU.woff2 failed, reason: read ECONNRESET

Retrying 1/3...

